<<<<<<< HEAD
<?xml version="1.0" encoding="UTF-8"?>
<!-- Generated by org.testng.reporters.JUnitReportReporter -->
<testsuite hostname="LenovoRRB" failures="0" tests="15" name="TestClasses.DataStructureTest" time="24.286" errors="0" timestamp="2025-04-07T14:25:00 CDT" skipped="0">
  <testcase classname="TestClasses.DataStructureTest" name="dataStructureIntroduction" time="1.716"/>
  <testcase classname="TestClasses.DataStructureTest" name="dataStructureIntroduction" time="1.364"/>
  <testcase classname="TestClasses.DataStructureTest" name="dataStructureIntroduction" time="2.623"/>
  <testcase classname="TestClasses.DataStructureTest" name="checkPracticeQuestionsPage" time="1.058"/>
  <testcase classname="TestClasses.DataStructureTest" name="checkPracticeQuestionsPage" time="0.808"/>
  <testcase classname="TestClasses.DataStructureTest" name="checkPracticeQuestionsPage" time="0.685"/>
  <testcase classname="TestClasses.DataStructureTest" name="checkTimeComplexityLinkAndEmptyRun" time="1.845"/>
  <testcase classname="TestClasses.DataStructureTest" name="checkTimeComplexityLinkAndEmptyRun" time="1.539"/>
  <testcase classname="TestClasses.DataStructureTest" name="checkTimeComplexityLinkAndEmptyRun" time="2.442"/>
  <testcase classname="TestClasses.DataStructureTest" name="testInvalidPythonCode" time="1.629"/>
  <testcase classname="TestClasses.DataStructureTest" name="testInvalidPythonCode" time="1.772"/>
  <testcase classname="TestClasses.DataStructureTest" name="testInvalidPythonCode" time="1.419"/>
  <testcase classname="TestClasses.DataStructureTest" name="testValidPythonCode" time="1.930"/>
  <testcase classname="TestClasses.DataStructureTest" name="testValidPythonCode" time="1.415"/>
  <testcase classname="TestClasses.DataStructureTest" name="testValidPythonCode" time="2.041"/>
</testsuite> <!-- TestClasses.DataStructureTest -->
=======
<?xml version="1.0" encoding="UTF-8"?>
<!-- Generated by org.testng.reporters.JUnitReportReporter -->
<testsuite hostname="Ashok" failures="0" tests="15" name="TestClasses.DataStructureTest" time="29.810" errors="0" timestamp="2025-04-08T01:19:56 PDT" skipped="0">
  <testcase classname="TestClasses.DataStructureTest" name="dataStructureIntroduction" time="1.379"/>
  <testcase classname="TestClasses.DataStructureTest" name="dataStructureIntroduction" time="1.804"/>
  <testcase classname="TestClasses.DataStructureTest" name="dataStructureIntroduction" time="1.666"/>
  <testcase classname="TestClasses.DataStructureTest" name="checkPracticeQuestionsPage" time="1.423"/>
  <testcase classname="TestClasses.DataStructureTest" name="checkPracticeQuestionsPage" time="0.836"/>
  <testcase classname="TestClasses.DataStructureTest" name="checkPracticeQuestionsPage" time="0.740"/>
  <testcase classname="TestClasses.DataStructureTest" name="checkTimeComplexityLinkAndEmptyRun" time="2.211"/>
  <testcase classname="TestClasses.DataStructureTest" name="checkTimeComplexityLinkAndEmptyRun" time="2.643"/>
  <testcase classname="TestClasses.DataStructureTest" name="checkTimeComplexityLinkAndEmptyRun" time="5.070"/>
  <testcase classname="TestClasses.DataStructureTest" name="testInvalidPythonCode" time="3.675"/>
  <testcase classname="TestClasses.DataStructureTest" name="testInvalidPythonCode" time="2.146"/>
  <testcase classname="TestClasses.DataStructureTest" name="testInvalidPythonCode" time="1.205"/>
  <testcase classname="TestClasses.DataStructureTest" name="testValidPythonCode" time="2.669"/>
  <testcase classname="TestClasses.DataStructureTest" name="testValidPythonCode" time="1.216"/>
  <testcase classname="TestClasses.DataStructureTest" name="testValidPythonCode" time="1.127"/>
</testsuite> <!-- TestClasses.DataStructureTest -->
>>>>>>> branch 'master' of https://github.com/meenaa1/DsAlgo_TestNG_ININ.git
