<?xml version="1.0" encoding="UTF-8"?>
<!-- Generated by org.testng.reporters.JUnitReportReporter -->
<testsuite hostname="LenovoRRB" failures="0" tests="14" name="TestClasses.QueueTest" time="23.222" errors="0" timestamp="2025-04-06T20:49:53 CDT" skipped="0">
  <testcase classname="TestClasses.QueueTest" name="testQueueGetStarted" time="1.985"/>
  <testcase classname="TestClasses.QueueTest" name="checkImplementationofQueueinPython" time="1.657"/>
  <testcase classname="TestClasses.QueueTest" name="testInvalidPythonCode" time="1.495"/>
  <testcase classname="TestClasses.QueueTest" name="testValidPythonCode" time="1.488"/>
  <testcase classname="TestClasses.QueueTest" name="checkPracticeQns" time="1.225"/>
  <testcase classname="TestClasses.QueueTest" name="checkImplementationUsingCollectionsDequeue" time="1.597"/>
  <testcase classname="TestClasses.QueueTest" name="testImplementationUsingCollectionsDequeueInvalidPythonCode" time="1.748"/>
  <testcase classname="TestClasses.QueueTest" name="testImplementationUsingCollectionsDequeueValidPythonCode" time="2.097"/>
  <testcase classname="TestClasses.QueueTest" name="checkImplementationusingarray" time="1.569"/>
  <testcase classname="TestClasses.QueueTest" name="testImplementationusingarrayInvalidPythonCode" time="1.727"/>
  <testcase classname="TestClasses.QueueTest" name="testImplementationusingarrayValidPythonCode" time="1.595"/>
  <testcase classname="TestClasses.QueueTest" name="checkQueueOperations" time="1.545"/>
  <testcase classname="TestClasses.QueueTest" name="testQueueOperationsInvalidPythonCode" time="1.987"/>
  <testcase classname="TestClasses.QueueTest" name="testQueueOperationsValidPythonCode" time="1.507"/>
</testsuite> <!-- TestClasses.QueueTest -->
