<?xml version="1.0" encoding="UTF-8"?>
<!-- Generated by org.testng.reporters.JUnitReportReporter -->
<testsuite hostname="Ashok" failures="0" tests="7" name="TestClasses.GraphTest" time="29.020" errors="0" timestamp="2025-04-05T03:02:21 PDT" skipped="0">
  <testcase classname="TestClasses.GraphTest" name="GraphFromGetStarted" time="3.417"/>
  <system-out/>
  <testcase classname="TestClasses.GraphTest" name="GraphfromDropdown" time="0.838"/>
  <system-out/>
  <testcase classname="TestClasses.GraphTest" name="checkingGraphLink" time="0.667"/>
  <system-out/>
  <testcase classname="TestClasses.GraphTest" name="checkingPracticeQnPage" time="1.783"/>
  <system-out/>
  <testcase classname="TestClasses.GraphTest" name="checkingGraphRepresentationLink" time="7.927"/>
  <system-out/>
  <testcase classname="TestClasses.GraphTest" name="testInvalidPythonCode" time="7.252"/>
  <system-out/>
  <testcase classname="TestClasses.GraphTest" name="testvalidPythonCode" time="7.136"/>
  <system-out/>
</testsuite> <!-- TestClasses.GraphTest -->
