<?xml version="1.0" encoding="UTF-8"?>
<!-- Generated by org.testng.reporters.JUnitReportReporter -->
<testsuite hostname="Ashok" failures="0" tests="10" name="TestClasses.GraphTest" time="11.965" errors="0" timestamp="2025-04-07T21:49:01 PDT" skipped="0">
  <testcase classname="TestClasses.GraphTest" name="graphFromGetStarted" time="1.432"/>
  <system-out/>
  <testcase classname="TestClasses.GraphTest" name="graphFromDropdown" time="0.962"/>
  <system-out/>
  <testcase classname="TestClasses.GraphTest" name="checkingGraphLink" time="0.410"/>
  <system-out/>
  <testcase classname="TestClasses.GraphTest" name="checkingPracticeQuestionsPage" time="0.956"/>
  <system-out/>
  <testcase classname="TestClasses.GraphTest" name="checkingGraphLinkWithEmptyRun" time="1.923"/>
  <system-out/>
  <testcase classname="TestClasses.GraphTest" name="testInvalidPythonCodeforGraphlink" time="1.500"/>
  <system-out/>
  <testcase classname="TestClasses.GraphTest" name="testValidPythonCodeforGraphLink" time="1.224"/>
  <system-out/>
  <testcase classname="TestClasses.GraphTest" name="checkingGraphRepresentationLinkWithEmptyRun" time="1.152"/>
  <system-out/>
  <testcase classname="TestClasses.GraphTest" name="testInvalidPythonCodeforGraphRepresentationLink" time="1.231"/>
  <system-out/>
  <testcase classname="TestClasses.GraphTest" name="testValidPythonCodeGraphRepresentationLink" time="1.175"/>
  <system-out/>
</testsuite> <!-- TestClasses.GraphTest -->
