<?xml version="1.0" encoding="UTF-8"?>
<!-- Generated by org.testng.reporters.JUnitReportReporter -->
<testsuite hostname="LAPTOP-83C8FTOB" failures="0" tests="5" name="TestClasses.DataStructureTest" time="18.685" errors="0" timestamp="2025-04-04T14:51:16 EDT" skipped="0">
  <testcase classname="TestClasses.DataStructureTest" name="DataStructureIntrodution" time="7.566"/>
  <testcase classname="TestClasses.DataStructureTest" name="checkPracticeQnsPage" time="2.508"/>
  <testcase classname="TestClasses.DataStructureTest" name="checkTimeComplexitylink" time="4.735"/>
  <testcase classname="TestClasses.DataStructureTest" name="testInvalidPythonCode" time="3.553"/>
  <testcase classname="TestClasses.DataStructureTest" name="testvalidPythonCode" time="0.323"/>
</testsuite> <!-- TestClasses.DataStructureTest -->
