<?xml version="1.0" encoding="UTF-8"?>
<!-- Generated by org.testng.reporters.JUnitReportReporter -->
<testsuite hostname="Ashok" failures="0" tests="5" name="TestClasses.DataStructureTest" time="6.899" errors="0" timestamp="2025-04-07T21:49:01 PDT" skipped="0">
  <testcase classname="TestClasses.DataStructureTest" name="dataStructureIntroduction" time="1.898"/>
  <system-out/>
  <testcase classname="TestClasses.DataStructureTest" name="checkPracticeQuestionsPage" time="0.752"/>
  <system-out/>
  <testcase classname="TestClasses.DataStructureTest" name="checkTimeComplexityLinkAndEmptyRun" time="1.877"/>
  <system-out/>
  <testcase classname="TestClasses.DataStructureTest" name="testInvalidPythonCode" time="1.164"/>
  <system-out/>
  <testcase classname="TestClasses.DataStructureTest" name="testValidPythonCode" time="1.208"/>
  <system-out/>
</testsuite> <!-- TestClasses.DataStructureTest -->
