<?xml version="1.0" encoding="UTF-8"?>
<!-- Generated by org.testng.reporters.JUnitReportReporter -->
<testsuite hostname="LenovoRRB" failures="0" tests="11" name="TestClasses.StackTest" time="16.487" errors="0" timestamp="2025-04-06T20:49:53 CDT" skipped="0">
  <testcase classname="TestClasses.StackTest" name="testLoginAndNavigateToStack" time="1.357"/>
  <testcase classname="TestClasses.StackTest" name="checkOperationInStack" time="1.500"/>
  <testcase classname="TestClasses.StackTest" name="testInvalidPythonCode" time="1.379"/>
  <testcase classname="TestClasses.StackTest" name="testValidPythonCode" time="1.351"/>
  <testcase classname="TestClasses.StackTest" name="checkPracticeQns" time="1.272"/>
  <testcase classname="TestClasses.StackTest" name="checkImplementation" time="1.831"/>
  <testcase classname="TestClasses.StackTest" name="testImplementationInvalidPythonCode" time="1.490"/>
  <testcase classname="TestClasses.StackTest" name="testImplementationValidPythonCode" time="1.573"/>
  <testcase classname="TestClasses.StackTest" name="checkApplications" time="1.717"/>
  <testcase classname="TestClasses.StackTest" name="testApplicationsInvalidPythonCode" time="1.561"/>
  <testcase classname="TestClasses.StackTest" name="testApplicationsValidPythonCode" time="1.456"/>
</testsuite> <!-- TestClasses.StackTest -->
