<?xml version="1.0" encoding="UTF-8"?>
<!-- Generated by org.testng.reporters.JUnitReportReporter -->
<testsuite hostname="LenovoRRB" failures="0" tests="166" name="TestClasses.TreeTest" time="142.448" errors="1" timestamp="2025-04-07T14:25:00 CDT" skipped="55">
  <testcase classname="TestClasses.TreeTest" name="setUp" time="0.840">
    <error message="Could not start a new session. Response code 500. Message: unknown error: cannot find Chrome binary 
Host info: host: &#039;LENOVORRB&#039;, ip: &#039;10.0.0.213&#039;
Build info: version: &#039;4.9.0&#039;, revision: &#039;d7057100a6&#039;
System info: os.name: &#039;Windows 11&#039;, os.arch: &#039;amd64&#039;, os.version: &#039;10.0&#039;, java.version: &#039;23.0.1&#039;
Driver info: org.openqa.selenium.chrome.ChromeDriver
Command: [null, newSession {capabilities=[Capabilities {browserName: chrome, goog:chromeOptions: {args: [--remote-allow-origins=*], extensions: []}}]}]" type="org.openqa.selenium.SessionNotCreatedException">
      <![CDATA[org.openqa.selenium.SessionNotCreatedException: Could not start a new session. Response code 500. Message: unknown error: cannot find Chrome binary 
Host info: host: 'LENOVORRB', ip: '10.0.0.213'
Build info: version: '4.9.0', revision: 'd7057100a6'
System info: os.name: 'Windows 11', os.arch: 'amd64', os.version: '10.0', java.version: '23.0.1'
Driver info: org.openqa.selenium.chrome.ChromeDriver
Command: [null, newSession {capabilities=[Capabilities {browserName: chrome, goog:chromeOptions: {args: [--remote-allow-origins=*], extensions: []}}]}]
at org.openqa.selenium.remote.ProtocolHandshake.createSession(ProtocolHandshake.java:136)
at org.openqa.selenium.remote.ProtocolHandshake.createSession(ProtocolHandshake.java:94)
at org.openqa.selenium.remote.ProtocolHandshake.createSession(ProtocolHandshake.java:68)
at org.openqa.selenium.remote.HttpCommandExecutor.execute(HttpCommandExecutor.java:165)
at org.openqa.selenium.remote.service.DriverCommandExecutor.invokeExecute(DriverCommandExecutor.java:183)
at org.openqa.selenium.remote.service.DriverCommandExecutor.execute(DriverCommandExecutor.java:158)
at org.openqa.selenium.remote.RemoteWebDriver.execute(RemoteWebDriver.java:543)
at org.openqa.selenium.remote.RemoteWebDriver.startSession(RemoteWebDriver.java:229)
at org.openqa.selenium.remote.RemoteWebDriver.<init>(RemoteWebDriver.java:157)
at org.openqa.selenium.chromium.ChromiumDriver.<init>(ChromiumDriver.java:101)
at org.openqa.selenium.chrome.ChromeDriver.<init>(ChromeDriver.java:88)
at org.openqa.selenium.chrome.ChromeDriver.<init>(ChromeDriver.java:84)
at org.openqa.selenium.chrome.ChromeDriver.<init>(ChromeDriver.java:52)
at DriverFactory.driverFactory.initiateDriver(driverFactory.java:31)
at BaseClass.TestBase.setUp(TestBase.java:20)
at java.base/jdk.internal.reflect.DirectMethodHandleAccessor.invoke(DirectMethodHandleAccessor.java:103)
at java.base/java.lang.reflect.Method.invoke(Method.java:580)
at org.testng.internal.invokers.MethodInvocationHelper.invokeMethod(MethodInvocationHelper.java:141)
at org.testng.internal.invokers.MethodInvocationHelper.invokeMethodConsideringTimeout(MethodInvocationHelper.java:71)
at org.testng.internal.invokers.ConfigInvoker.invokeConfigurationMethod(ConfigInvoker.java:400)
at org.testng.internal.invokers.ConfigInvoker.invokeConfigurations(ConfigInvoker.java:333)
at org.testng.internal.invokers.TestMethodWorker.invokeBeforeClassMethods(TestMethodWorker.java:188)
at org.testng.internal.invokers.TestMethodWorker.run(TestMethodWorker.java:128)
at java.base/java.util.ArrayList.forEach(ArrayList.java:1597)
at org.testng.TestRunner.privateRun(TestRunner.java:741)
at org.testng.TestRunner.run(TestRunner.java:616)
at org.testng.SuiteRunner.runTest(SuiteRunner.java:421)
at org.testng.SuiteRunner.runSequentially(SuiteRunner.java:413)
at org.testng.SuiteRunner.privateRun(SuiteRunner.java:373)
at org.testng.SuiteRunner.run(SuiteRunner.java:312)
at org.testng.SuiteRunnerWorker.runSuite(SuiteRunnerWorker.java:52)
at org.testng.SuiteRunnerWorker.run(SuiteRunnerWorker.java:95)
at org.testng.TestNG.runSuitesSequentially(TestNG.java:1274)
at org.testng.TestNG.runSuitesLocally(TestNG.java:1208)
at org.testng.TestNG.runSuites(TestNG.java:1112)
at org.testng.TestNG.run(TestNG.java:1079)
at org.testng.remote.AbstractRemoteTestNG.run(AbstractRemoteTestNG.java:115)
at org.testng.remote.RemoteTestNG.initAndRun(RemoteTestNG.java:293)
at org.testng.remote.RemoteTestNG.main(RemoteTestNG.java:91)
]]>
    </error>
  </testcase> <!-- setUp -->
  <testcase classname="TestClasses.TreeTest" name="treeFromGetStarted" time="1.215"/>
  <testcase classname="TestClasses.TreeTest" name="treeFromGetStarted" time="1.365"/>
  <testcase classname="TestClasses.TreeTest" name="treeFromGetStarted" time="0.000">
    <skipped/>
  </testcase> <!-- treeFromGetStarted -->
  <testcase classname="TestClasses.TreeTest" name="treeFromDropdown" time="0.552"/>
  <testcase classname="TestClasses.TreeTest" name="treeFromDropdown" time="0.547"/>
  <testcase classname="TestClasses.TreeTest" name="treeFromDropdown" time="0.000">
    <skipped/>
  </testcase> <!-- treeFromDropdown -->
  <testcase classname="TestClasses.TreeTest" name="checkingOverviewOfTrees" time="0.585"/>
  <testcase classname="TestClasses.TreeTest" name="checkingOverviewOfTrees" time="0.476"/>
  <testcase classname="TestClasses.TreeTest" name="checkingOverviewOfTrees" time="0.000">
    <skipped/>
  </testcase> <!-- checkingOverviewOfTrees -->
  <testcase classname="TestClasses.TreeTest" name="checkingTerminologiesLink" time="0.000">
    <skipped/>
  </testcase> <!-- checkingTerminologiesLink -->
  <testcase classname="TestClasses.TreeTest" name="checkingTerminologiesLink" time="0.351"/>
  <testcase classname="TestClasses.TreeTest" name="checkingTerminologiesLink" time="0.531"/>
  <testcase classname="TestClasses.TreeTest" name="checkingTypesOfTrees" time="0.520"/>
  <testcase classname="TestClasses.TreeTest" name="checkingTypesOfTrees" time="0.418"/>
  <testcase classname="TestClasses.TreeTest" name="checkingTypesOfTrees" time="0.000">
    <skipped/>
  </testcase> <!-- checkingTypesOfTrees -->
  <testcase classname="TestClasses.TreeTest" name="checkingAllOtherLinks" time="0.747"/>
  <testcase classname="TestClasses.TreeTest" name="checkingAllOtherLinks" time="0.740"/>
  <testcase classname="TestClasses.TreeTest" name="checkingAllOtherLinks" time="0.439"/>
  <testcase classname="TestClasses.TreeTest" name="checkingAllOtherLinks" time="0.887"/>
  <testcase classname="TestClasses.TreeTest" name="checkingAllOtherLinks" time="0.697"/>
  <testcase classname="TestClasses.TreeTest" name="checkingAllOtherLinks" time="0.000">
    <skipped/>
  </testcase> <!-- checkingAllOtherLinks -->
  <testcase classname="TestClasses.TreeTest" name="checkingAllOtherLinks" time="0.500"/>
  <testcase classname="TestClasses.TreeTest" name="checkingAllOtherLinks" time="0.407"/>
  <testcase classname="TestClasses.TreeTest" name="checkingAllOtherLinks" time="0.000">
    <skipped/>
  </testcase> <!-- checkingAllOtherLinks -->
  <testcase classname="TestClasses.TreeTest" name="checkingAllOtherLinks" time="0.400"/>
  <testcase classname="TestClasses.TreeTest" name="checkingAllOtherLinks" time="0.628"/>
  <testcase classname="TestClasses.TreeTest" name="checkingAllOtherLinks" time="0.638"/>
  <testcase classname="TestClasses.TreeTest" name="checkingAllOtherLinks" time="0.487"/>
  <testcase classname="TestClasses.TreeTest" name="checkingAllOtherLinks" time="0.620"/>
  <testcase classname="TestClasses.TreeTest" name="checkingAllOtherLinks" time="0.000">
    <skipped/>
  </testcase> <!-- checkingAllOtherLinks -->
  <testcase classname="TestClasses.TreeTest" name="checkingAllOtherLinks" time="0.000">
    <skipped/>
  </testcase> <!-- checkingAllOtherLinks -->
  <testcase classname="TestClasses.TreeTest" name="checkingAllOtherLinks" time="0.000">
    <skipped/>
  </testcase> <!-- checkingAllOtherLinks -->
  <testcase classname="TestClasses.TreeTest" name="checkingAllOtherLinks" time="0.978"/>
  <testcase classname="TestClasses.TreeTest" name="checkingAllOtherLinks" time="0.000">
    <skipped/>
  </testcase> <!-- checkingAllOtherLinks -->
  <testcase classname="TestClasses.TreeTest" name="checkingAllOtherLinks" time="0.620"/>
  <testcase classname="TestClasses.TreeTest" name="checkingAllOtherLinks" time="0.395"/>
  <testcase classname="TestClasses.TreeTest" name="checkingAllOtherLinks" time="0.000">
    <skipped/>
  </testcase> <!-- checkingAllOtherLinks -->
  <testcase classname="TestClasses.TreeTest" name="checkingAllOtherLinks" time="0.819"/>
  <testcase classname="TestClasses.TreeTest" name="checkingAllOtherLinks" time="0.592"/>
  <testcase classname="TestClasses.TreeTest" name="checkingAllOtherLinks" time="0.000">
    <skipped/>
  </testcase> <!-- checkingAllOtherLinks -->
  <testcase classname="TestClasses.TreeTest" name="checkingAllOtherLinks" time="0.592"/>
  <testcase classname="TestClasses.TreeTest" name="checkingAllOtherLinks" time="0.394"/>
  <testcase classname="TestClasses.TreeTest" name="checkingAllOtherLinks" time="0.000">
    <skipped/>
  </testcase> <!-- checkingAllOtherLinks -->
  <testcase classname="TestClasses.TreeTest" name="checkingAllOtherLinks" time="0.000">
    <skipped/>
  </testcase> <!-- checkingAllOtherLinks -->
  <testcase classname="TestClasses.TreeTest" name="checkingAllOtherLinks" time="0.549"/>
  <testcase classname="TestClasses.TreeTest" name="testValidPythonCode" time="2.175"/>
  <testcase classname="TestClasses.TreeTest" name="testValidPythonCode" time="1.730"/>
  <testcase classname="TestClasses.TreeTest" name="testValidPythonCode" time="0.000">
    <skipped/>
  </testcase> <!-- testValidPythonCode -->
  <testcase classname="TestClasses.TreeTest" name="testInvalidPythonCode_overviewofTrees" time="1.341"/>
  <testcase classname="TestClasses.TreeTest" name="testInvalidPythonCode_overviewofTrees" time="0.000">
    <skipped/>
  </testcase> <!-- testInvalidPythonCode_overviewofTrees -->
  <testcase classname="TestClasses.TreeTest" name="testInvalidPythonCode_overviewofTrees" time="1.999"/>
  <testcase classname="TestClasses.TreeTest" name="emptyInput" time="1.712"/>
  <testcase classname="TestClasses.TreeTest" name="emptyInput" time="0.000">
    <skipped/>
  </testcase> <!-- emptyInput -->
  <testcase classname="TestClasses.TreeTest" name="emptyInput" time="1.267"/>
  <testcase classname="TestClasses.TreeTest" name="testValidPythonCode_Terminologies" time="1.236"/>
  <testcase classname="TestClasses.TreeTest" name="testValidPythonCode_Terminologies" time="2.334"/>
  <testcase classname="TestClasses.TreeTest" name="testValidPythonCode_Terminologies" time="0.000">
    <skipped/>
  </testcase> <!-- testValidPythonCode_Terminologies -->
  <testcase classname="TestClasses.TreeTest" name="testInvalidPythonCode_Terminologies" time="1.921"/>
  <testcase classname="TestClasses.TreeTest" name="testInvalidPythonCode_Terminologies" time="0.000">
    <skipped/>
  </testcase> <!-- testInvalidPythonCode_Terminologies -->
  <testcase classname="TestClasses.TreeTest" name="testInvalidPythonCode_Terminologies" time="1.196"/>
  <testcase classname="TestClasses.TreeTest" name="emptyInputforTerminologies" time="1.241"/>
  <testcase classname="TestClasses.TreeTest" name="emptyInputforTerminologies" time="0.000">
    <skipped/>
  </testcase> <!-- emptyInputforTerminologies -->
  <testcase classname="TestClasses.TreeTest" name="emptyInputforTerminologies" time="1.637"/>
  <testcase classname="TestClasses.TreeTest" name="emptyInputforTypesofTrees" time="1.309"/>
  <testcase classname="TestClasses.TreeTest" name="emptyInputforTypesofTrees" time="1.657"/>
  <testcase classname="TestClasses.TreeTest" name="emptyInputforTypesofTrees" time="0.000">
    <skipped/>
  </testcase> <!-- emptyInputforTypesofTrees -->
  <testcase classname="TestClasses.TreeTest" name="testValidPythonCode_TypesofTrees" time="0.000">
    <skipped/>
  </testcase> <!-- testValidPythonCode_TypesofTrees -->
  <testcase classname="TestClasses.TreeTest" name="testValidPythonCode_TypesofTrees" time="1.506"/>
  <testcase classname="TestClasses.TreeTest" name="testValidPythonCode_TypesofTrees" time="1.499"/>
  <testcase classname="TestClasses.TreeTest" name="testInvalidPythonCode_TypesofTrees" time="1.436"/>
  <testcase classname="TestClasses.TreeTest" name="testInvalidPythonCode_TypesofTrees" time="2.008"/>
  <testcase classname="TestClasses.TreeTest" name="testInvalidPythonCode_TypesofTrees" time="0.000">
    <skipped/>
  </testcase> <!-- testInvalidPythonCode_TypesofTrees -->
  <testcase classname="TestClasses.TreeTest" name="emptyInputforTreeTraversals" time="1.851"/>
  <testcase classname="TestClasses.TreeTest" name="emptyInputforTreeTraversals" time="0.000">
    <skipped/>
  </testcase> <!-- emptyInputforTreeTraversals -->
  <testcase classname="TestClasses.TreeTest" name="emptyInputforTreeTraversals" time="1.299"/>
  <testcase classname="TestClasses.TreeTest" name="testValidPythonCode_TreeTraversals" time="1.702"/>
  <testcase classname="TestClasses.TreeTest" name="testValidPythonCode_TreeTraversals" time="1.707"/>
  <testcase classname="TestClasses.TreeTest" name="testValidPythonCode_TreeTraversals" time="0.000">
    <skipped/>
  </testcase> <!-- testValidPythonCode_TreeTraversals -->
  <testcase classname="TestClasses.TreeTest" name="testInvalidPythonCode_TreeTraversals" time="0.000">
    <skipped/>
  </testcase> <!-- testInvalidPythonCode_TreeTraversals -->
  <testcase classname="TestClasses.TreeTest" name="testInvalidPythonCode_TreeTraversals" time="2.028"/>
  <testcase classname="TestClasses.TreeTest" name="testInvalidPythonCode_TreeTraversals" time="1.154"/>
  <testcase classname="TestClasses.TreeTest" name="emptyInputforTraversals_Illust" time="0.000">
    <skipped/>
  </testcase> <!-- emptyInputforTraversals_Illust -->
  <testcase classname="TestClasses.TreeTest" name="emptyInputforTraversals_Illust" time="1.791"/>
  <testcase classname="TestClasses.TreeTest" name="emptyInputforTraversals_Illust" time="1.378"/>
  <testcase classname="TestClasses.TreeTest" name="testValidPythonCode_Traversals_Illust" time="2.155"/>
  <testcase classname="TestClasses.TreeTest" name="testValidPythonCode_Traversals_Illust" time="0.000">
    <skipped/>
  </testcase> <!-- testValidPythonCode_Traversals_Illust -->
  <testcase classname="TestClasses.TreeTest" name="testValidPythonCode_Traversals_Illust" time="1.269"/>
  <testcase classname="TestClasses.TreeTest" name="testInvalidPythonCode_Traversals_Illust" time="1.279"/>
  <testcase classname="TestClasses.TreeTest" name="testInvalidPythonCode_Traversals_Illust" time="0.000">
    <skipped/>
  </testcase> <!-- testInvalidPythonCode_Traversals_Illust -->
  <testcase classname="TestClasses.TreeTest" name="testInvalidPythonCode_Traversals_Illust" time="1.892"/>
  <testcase classname="TestClasses.TreeTest" name="emptyInputforBinaryTrees" time="0.000">
    <skipped/>
  </testcase> <!-- emptyInputforBinaryTrees -->
  <testcase classname="TestClasses.TreeTest" name="emptyInputforBinaryTrees" time="1.482"/>
  <testcase classname="TestClasses.TreeTest" name="emptyInputforBinaryTrees" time="2.462"/>
  <testcase classname="TestClasses.TreeTest" name="testValidPythonCode_BinaryTrees" time="0.000">
    <skipped/>
  </testcase> <!-- testValidPythonCode_BinaryTrees -->
  <testcase classname="TestClasses.TreeTest" name="testValidPythonCode_BinaryTrees" time="1.794"/>
  <testcase classname="TestClasses.TreeTest" name="testValidPythonCode_BinaryTrees" time="1.264"/>
  <testcase classname="TestClasses.TreeTest" name="testInvalidPythonCode_BinaryTrees" time="1.925"/>
  <testcase classname="TestClasses.TreeTest" name="testInvalidPythonCode_BinaryTrees" time="0.000">
    <skipped/>
  </testcase> <!-- testInvalidPythonCode_BinaryTrees -->
  <testcase classname="TestClasses.TreeTest" name="testInvalidPythonCode_BinaryTrees" time="1.247"/>
  <testcase classname="TestClasses.TreeTest" name="emptyInputforTypesofBinaryTrees" time="1.804"/>
  <testcase classname="TestClasses.TreeTest" name="emptyInputforTypesofBinaryTrees" time="0.000">
    <skipped/>
  </testcase> <!-- emptyInputforTypesofBinaryTrees -->
  <testcase classname="TestClasses.TreeTest" name="emptyInputforTypesofBinaryTrees" time="1.488"/>
  <testcase classname="TestClasses.TreeTest" name="testValidPythonCode_TypesofBinaryTrees" time="2.088"/>
  <testcase classname="TestClasses.TreeTest" name="testValidPythonCode_TypesofBinaryTrees" time="1.332"/>
  <testcase classname="TestClasses.TreeTest" name="testValidPythonCode_TypesofBinaryTrees" time="0.000">
    <skipped/>
  </testcase> <!-- testValidPythonCode_TypesofBinaryTrees -->
  <testcase classname="TestClasses.TreeTest" name="testInvalidPythonCode_TypesofBinaryTrees" time="1.516"/>
  <testcase classname="TestClasses.TreeTest" name="testInvalidPythonCode_TypesofBinaryTrees" time="0.000">
    <skipped/>
  </testcase> <!-- testInvalidPythonCode_TypesofBinaryTrees -->
  <testcase classname="TestClasses.TreeTest" name="testInvalidPythonCode_TypesofBinaryTrees" time="1.134"/>
  <testcase classname="TestClasses.TreeTest" name="emptyInputforImple_BinaryTrees" time="1.418"/>
  <testcase classname="TestClasses.TreeTest" name="emptyInputforImple_BinaryTrees" time="1.664"/>
  <testcase classname="TestClasses.TreeTest" name="emptyInputforImple_BinaryTrees" time="0.000">
    <skipped/>
  </testcase> <!-- emptyInputforImple_BinaryTrees -->
  <testcase classname="TestClasses.TreeTest" name="testValidPythonCode_Imple_BinaryTrees" time="1.619"/>
  <testcase classname="TestClasses.TreeTest" name="testValidPythonCode_Imple_BinaryTrees" time="1.398"/>
  <testcase classname="TestClasses.TreeTest" name="testValidPythonCode_Imple_BinaryTrees" time="0.000">
    <skipped/>
  </testcase> <!-- testValidPythonCode_Imple_BinaryTrees -->
  <testcase classname="TestClasses.TreeTest" name="testInvalidPythonCode_Imple_BinaryTrees" time="0.000">
    <skipped/>
  </testcase> <!-- testInvalidPythonCode_Imple_BinaryTrees -->
  <testcase classname="TestClasses.TreeTest" name="testInvalidPythonCode_Imple_BinaryTrees" time="1.843"/>
  <testcase classname="TestClasses.TreeTest" name="testInvalidPythonCode_Imple_BinaryTrees" time="1.296"/>
  <testcase classname="TestClasses.TreeTest" name="emptyInputforImple_inpython" time="1.356"/>
  <testcase classname="TestClasses.TreeTest" name="emptyInputforImple_inpython" time="1.343"/>
  <testcase classname="TestClasses.TreeTest" name="emptyInputforImple_inpython" time="0.000">
    <skipped/>
  </testcase> <!-- emptyInputforImple_inpython -->
  <testcase classname="TestClasses.TreeTest" name="testValidPythonCode_Imple_inpython" time="1.316"/>
  <testcase classname="TestClasses.TreeTest" name="testValidPythonCode_Imple_inpython" time="1.455"/>
  <testcase classname="TestClasses.TreeTest" name="testValidPythonCode_Imple_inpython" time="0.000">
    <skipped/>
  </testcase> <!-- testValidPythonCode_Imple_inpython -->
  <testcase classname="TestClasses.TreeTest" name="testInvalidPythonCode_Imple_inpython" time="0.000">
    <skipped/>
  </testcase> <!-- testInvalidPythonCode_Imple_inpython -->
  <testcase classname="TestClasses.TreeTest" name="testInvalidPythonCode_Imple_inpython" time="1.104"/>
  <testcase classname="TestClasses.TreeTest" name="testInvalidPythonCode_Imple_inpython" time="1.126"/>
  <testcase classname="TestClasses.TreeTest" name="emptyInputforBinaryTreeTraversal" time="0.000">
    <skipped/>
  </testcase> <!-- emptyInputforBinaryTreeTraversal -->
  <testcase classname="TestClasses.TreeTest" name="emptyInputforBinaryTreeTraversal" time="1.626"/>
  <testcase classname="TestClasses.TreeTest" name="emptyInputforBinaryTreeTraversal" time="1.247"/>
  <testcase classname="TestClasses.TreeTest" name="testValidPythonCode_BinaryTreeTraversal" time="1.239"/>
  <testcase classname="TestClasses.TreeTest" name="testValidPythonCode_BinaryTreeTraversal" time="0.000">
    <skipped/>
  </testcase> <!-- testValidPythonCode_BinaryTreeTraversal -->
  <testcase classname="TestClasses.TreeTest" name="testValidPythonCode_BinaryTreeTraversal" time="1.320"/>
  <testcase classname="TestClasses.TreeTest" name="testInvalidPythonCode_BinaryTreeTraversal" time="0.000">
    <skipped/>
  </testcase> <!-- testInvalidPythonCode_BinaryTreeTraversal -->
  <testcase classname="TestClasses.TreeTest" name="testInvalidPythonCode_BinaryTreeTraversal" time="1.705"/>
  <testcase classname="TestClasses.TreeTest" name="testInvalidPythonCode_BinaryTreeTraversal" time="1.268"/>
  <testcase classname="TestClasses.TreeTest" name="emptyInputforApplOfBinaryTrees" time="0.000">
    <skipped/>
  </testcase> <!-- emptyInputforApplOfBinaryTrees -->
  <testcase classname="TestClasses.TreeTest" name="emptyInputforApplOfBinaryTrees" time="1.418"/>
  <testcase classname="TestClasses.TreeTest" name="emptyInputforApplOfBinaryTrees" time="1.760"/>
  <testcase classname="TestClasses.TreeTest" name="testValidPythonCode_ApplOfBinaryTrees" time="1.385"/>
  <testcase classname="TestClasses.TreeTest" name="testValidPythonCode_ApplOfBinaryTrees" time="0.000">
    <skipped/>
  </testcase> <!-- testValidPythonCode_ApplOfBinaryTrees -->
  <testcase classname="TestClasses.TreeTest" name="testValidPythonCode_ApplOfBinaryTrees" time="1.334"/>
  <testcase classname="TestClasses.TreeTest" name="testInvalidPythonCode_ApplOfBinaryTrees" time="1.269"/>
  <testcase classname="TestClasses.TreeTest" name="testInvalidPythonCode_ApplOfBinaryTrees" time="1.682"/>
  <testcase classname="TestClasses.TreeTest" name="testInvalidPythonCode_ApplOfBinaryTrees" time="0.000">
    <skipped/>
  </testcase> <!-- testInvalidPythonCode_ApplOfBinaryTrees -->
  <testcase classname="TestClasses.TreeTest" name="emptyInputforBinarySearchTrees" time="1.349"/>
  <testcase classname="TestClasses.TreeTest" name="emptyInputforBinarySearchTrees" time="1.670"/>
  <testcase classname="TestClasses.TreeTest" name="emptyInputforBinarySearchTrees" time="0.000">
    <skipped/>
  </testcase> <!-- emptyInputforBinarySearchTrees -->
  <testcase classname="TestClasses.TreeTest" name="testValidPythonCode_BinarySearchTrees" time="1.593"/>
  <testcase classname="TestClasses.TreeTest" name="testValidPythonCode_BinarySearchTrees" time="0.000">
    <skipped/>
  </testcase> <!-- testValidPythonCode_BinarySearchTrees -->
  <testcase classname="TestClasses.TreeTest" name="testValidPythonCode_BinarySearchTrees" time="1.402"/>
  <testcase classname="TestClasses.TreeTest" name="testInvalidPythonCode_BinarySearchTrees" time="0.000">
    <skipped/>
  </testcase> <!-- testInvalidPythonCode_BinarySearchTrees -->
  <testcase classname="TestClasses.TreeTest" name="testInvalidPythonCode_BinarySearchTrees" time="1.799"/>
  <testcase classname="TestClasses.TreeTest" name="testInvalidPythonCode_BinarySearchTrees" time="1.190"/>
  <testcase classname="TestClasses.TreeTest" name="emptyInputforImpleOfBST" time="1.436"/>
  <testcase classname="TestClasses.TreeTest" name="emptyInputforImpleOfBST" time="1.739"/>
  <testcase classname="TestClasses.TreeTest" name="emptyInputforImpleOfBST" time="0.000">
    <skipped/>
  </testcase> <!-- emptyInputforImpleOfBST -->
  <testcase classname="TestClasses.TreeTest" name="testInvalidPythonCode_ImpleOfBST" time="1.206"/>
  <testcase classname="TestClasses.TreeTest" name="testInvalidPythonCode_ImpleOfBST" time="1.564"/>
  <testcase classname="TestClasses.TreeTest" name="testValidPythonCode_ImpleOfBST" time="1.268"/>
  <testcase classname="TestClasses.TreeTest" name="testValidPythonCode_ImpleOfBST" time="0.000">
    <skipped/>
  </testcase> <!-- testValidPythonCode_ImpleOfBST -->
  <testcase classname="TestClasses.TreeTest" name="testValidPythonCode_ImpleOfBST" time="2.078"/>
  <testcase classname="TestClasses.TreeTest" name="testInvalidPythonCode_ImpleOfBST" time="0.000">
    <skipped/>
  </testcase> <!-- testInvalidPythonCode_ImpleOfBST -->
  <testcase classname="TestClasses.TreeTest" name="checkPracticeQuestions" time="0.958"/>
  <testcase classname="TestClasses.TreeTest" name="checkPracticeQuestions" time="0.000">
    <skipped/>
  </testcase> <!-- checkPracticeQuestions -->
  <testcase classname="TestClasses.TreeTest" name="checkPracticeQuestions" time="1.231"/>
</testsuite> <!-- TestClasses.TreeTest -->
