<?xml version="1.0" encoding="UTF-8"?>
<!-- Generated by org.testng.reporters.JUnitReportReporter -->
<testsuite hostname="Ashok" failures="0" tests="31" name="TestClasses.GraphTest" time="52.031" errors="0" timestamp="2025-04-08T01:19:56 PDT" skipped="1">
  <testcase classname="TestClasses.GraphTest" name="graphFromGetStarted" time="2.403"/>
  <testcase classname="TestClasses.GraphTest" name="graphFromGetStarted" time="1.560"/>
  <testcase classname="TestClasses.GraphTest" name="graphFromGetStarted" time="1.848"/>
  <testcase classname="TestClasses.GraphTest" name="graphFromDropdown" time="0.692"/>
  <testcase classname="TestClasses.GraphTest" name="graphFromDropdown" time="0.544"/>
  <testcase classname="TestClasses.GraphTest" name="graphFromDropdown" time="0.949"/>
  <testcase classname="TestClasses.GraphTest" name="checkingGraphLink" time="0.444"/>
  <testcase classname="TestClasses.GraphTest" name="checkingGraphLink" time="0.432"/>
  <testcase classname="TestClasses.GraphTest" name="checkingGraphLink" time="0.396"/>
  <testcase classname="TestClasses.GraphTest" name="checkingPracticeQuestionsPage" time="1.224"/>
  <testcase classname="TestClasses.GraphTest" name="checkingPracticeQuestionsPage" time="1.035"/>
  <testcase classname="TestClasses.GraphTest" name="checkingPracticeQuestionsPage" time="0.974"/>
  <testcase classname="TestClasses.GraphTest" name="checkingGraphLinkWithEmptyRun" time="3.348"/>
  <testcase classname="TestClasses.GraphTest" name="checkingGraphLinkWithEmptyRun" time="2.409"/>
  <testcase classname="TestClasses.GraphTest" name="checkingGraphLinkWithEmptyRun" time="2.172"/>
  <testcase classname="TestClasses.GraphTest" name="testInvalidPythonCodeforGraphlink" time="1.248"/>
  <testcase classname="TestClasses.GraphTest" name="testInvalidPythonCodeforGraphlink" time="1.197"/>
  <testcase classname="TestClasses.GraphTest" name="testInvalidPythonCodeforGraphlink" time="1.506"/>
  <testcase classname="TestClasses.GraphTest" name="testValidPythonCodeforGraphLink" time="1.623"/>
  <testcase classname="TestClasses.GraphTest" name="testValidPythonCodeforGraphLink" time="1.124"/>
  <testcase classname="TestClasses.GraphTest" name="testValidPythonCodeforGraphLink" time="1.244"/>
  <testcase classname="TestClasses.GraphTest" name="checkingGraphRepresentationLinkWithEmptyRun" time="1.540"/>
  <testcase classname="TestClasses.GraphTest" name="checkingGraphRepresentationLinkWithEmptyRun" time="1.140"/>
  <testcase classname="TestClasses.GraphTest" name="checkingGraphRepresentationLinkWithEmptyRun" time="1.215"/>
  <testcase classname="TestClasses.GraphTest" name="testInvalidPythonCodeforGraphRepresentationLink" time="1.224"/>
  <testcase classname="TestClasses.GraphTest" name="testInvalidPythonCodeforGraphRepresentationLink" time="1.564"/>
  <testcase classname="TestClasses.GraphTest" name="testInvalidPythonCodeforGraphRepresentationLink" time="10.682">
    <skipped/>
  </testcase> <!-- testInvalidPythonCodeforGraphRepresentationLink -->
  <testcase classname="TestClasses.GraphTest" name="testInvalidPythonCodeforGraphRepresentationLink" time="1.826"/>
  <testcase classname="TestClasses.GraphTest" name="testValidPythonCodeGraphRepresentationLink" time="1.169"/>
  <testcase classname="TestClasses.GraphTest" name="testValidPythonCodeGraphRepresentationLink" time="1.710"/>
  <testcase classname="TestClasses.GraphTest" name="testValidPythonCodeGraphRepresentationLink" time="1.589"/>
</testsuite> <!-- TestClasses.GraphTest -->
