<?xml version="1.0" encoding="UTF-8"?>
<!-- Generated by org.testng.reporters.JUnitReportReporter -->
<testsuite hostname="Ashok" failures="0" tests="15" name="TestClasses.DataStructureTest" time="29.810" errors="0" timestamp="2025-04-08T01:19:56 PDT" skipped="0">
  <testcase classname="TestClasses.DataStructureTest" name="dataStructureIntroduction" time="1.379"/>
  <testcase classname="TestClasses.DataStructureTest" name="dataStructureIntroduction" time="1.804"/>
  <testcase classname="TestClasses.DataStructureTest" name="dataStructureIntroduction" time="1.666"/>
  <testcase classname="TestClasses.DataStructureTest" name="checkPracticeQuestionsPage" time="1.423"/>
  <testcase classname="TestClasses.DataStructureTest" name="checkPracticeQuestionsPage" time="0.836"/>
  <testcase classname="TestClasses.DataStructureTest" name="checkPracticeQuestionsPage" time="0.740"/>
  <testcase classname="TestClasses.DataStructureTest" name="checkTimeComplexityLinkAndEmptyRun" time="2.211"/>
  <testcase classname="TestClasses.DataStructureTest" name="checkTimeComplexityLinkAndEmptyRun" time="2.643"/>
  <testcase classname="TestClasses.DataStructureTest" name="checkTimeComplexityLinkAndEmptyRun" time="5.070"/>
  <testcase classname="TestClasses.DataStructureTest" name="testInvalidPythonCode" time="3.675"/>
  <testcase classname="TestClasses.DataStructureTest" name="testInvalidPythonCode" time="2.146"/>
  <testcase classname="TestClasses.DataStructureTest" name="testInvalidPythonCode" time="1.205"/>
  <testcase classname="TestClasses.DataStructureTest" name="testValidPythonCode" time="2.669"/>
  <testcase classname="TestClasses.DataStructureTest" name="testValidPythonCode" time="1.216"/>
  <testcase classname="TestClasses.DataStructureTest" name="testValidPythonCode" time="1.127"/>
</testsuite> <!-- TestClasses.DataStructureTest -->
