<?xml version="1.0" encoding="UTF-8"?>
<!-- Generated by org.testng.reporters.JUnitReportReporter -->
<<<<<<< HEAD
<testsuite hostname="LenovoRRB" failures="0" tests="22" name="TestClasses.GraphTest" time="18.468" errors="1" timestamp="2025-04-07T14:25:00 CDT" skipped="7">
  <testcase classname="TestClasses.GraphTest" name="setUp" time="0.769">
    <error message="Could not start a new session. Response code 500. Message: unknown error: cannot find Chrome binary 
Host info: host: &#039;LENOVORRB&#039;, ip: &#039;10.0.0.213&#039;
Build info: version: &#039;4.9.0&#039;, revision: &#039;d7057100a6&#039;
System info: os.name: &#039;Windows 11&#039;, os.arch: &#039;amd64&#039;, os.version: &#039;10.0&#039;, java.version: &#039;23.0.1&#039;
Driver info: org.openqa.selenium.chrome.ChromeDriver
Command: [null, newSession {capabilities=[Capabilities {browserName: chrome, goog:chromeOptions: {args: [--remote-allow-origins=*], extensions: []}}]}]" type="org.openqa.selenium.SessionNotCreatedException">
      <![CDATA[org.openqa.selenium.SessionNotCreatedException: Could not start a new session. Response code 500. Message: unknown error: cannot find Chrome binary 
Host info: host: 'LENOVORRB', ip: '10.0.0.213'
Build info: version: '4.9.0', revision: 'd7057100a6'
System info: os.name: 'Windows 11', os.arch: 'amd64', os.version: '10.0', java.version: '23.0.1'
Driver info: org.openqa.selenium.chrome.ChromeDriver
Command: [null, newSession {capabilities=[Capabilities {browserName: chrome, goog:chromeOptions: {args: [--remote-allow-origins=*], extensions: []}}]}]
at org.openqa.selenium.remote.ProtocolHandshake.createSession(ProtocolHandshake.java:136)
at org.openqa.selenium.remote.ProtocolHandshake.createSession(ProtocolHandshake.java:94)
at org.openqa.selenium.remote.ProtocolHandshake.createSession(ProtocolHandshake.java:68)
at org.openqa.selenium.remote.HttpCommandExecutor.execute(HttpCommandExecutor.java:165)
at org.openqa.selenium.remote.service.DriverCommandExecutor.invokeExecute(DriverCommandExecutor.java:183)
at org.openqa.selenium.remote.service.DriverCommandExecutor.execute(DriverCommandExecutor.java:158)
at org.openqa.selenium.remote.RemoteWebDriver.execute(RemoteWebDriver.java:543)
at org.openqa.selenium.remote.RemoteWebDriver.startSession(RemoteWebDriver.java:229)
at org.openqa.selenium.remote.RemoteWebDriver.<init>(RemoteWebDriver.java:157)
at org.openqa.selenium.chromium.ChromiumDriver.<init>(ChromiumDriver.java:101)
at org.openqa.selenium.chrome.ChromeDriver.<init>(ChromeDriver.java:88)
at org.openqa.selenium.chrome.ChromeDriver.<init>(ChromeDriver.java:84)
at org.openqa.selenium.chrome.ChromeDriver.<init>(ChromeDriver.java:52)
at DriverFactory.driverFactory.initiateDriver(driverFactory.java:31)
at BaseClass.TestBase.setUp(TestBase.java:20)
at java.base/jdk.internal.reflect.DirectMethodHandleAccessor.invoke(DirectMethodHandleAccessor.java:103)
at java.base/java.lang.reflect.Method.invoke(Method.java:580)
at org.testng.internal.invokers.MethodInvocationHelper.invokeMethod(MethodInvocationHelper.java:141)
at org.testng.internal.invokers.MethodInvocationHelper.invokeMethodConsideringTimeout(MethodInvocationHelper.java:71)
at org.testng.internal.invokers.ConfigInvoker.invokeConfigurationMethod(ConfigInvoker.java:400)
at org.testng.internal.invokers.ConfigInvoker.invokeConfigurations(ConfigInvoker.java:333)
at org.testng.internal.invokers.TestMethodWorker.invokeBeforeClassMethods(TestMethodWorker.java:188)
at org.testng.internal.invokers.TestMethodWorker.run(TestMethodWorker.java:128)
at java.base/java.util.ArrayList.forEach(ArrayList.java:1597)
at org.testng.TestRunner.privateRun(TestRunner.java:741)
at org.testng.TestRunner.run(TestRunner.java:616)
at org.testng.SuiteRunner.runTest(SuiteRunner.java:421)
at org.testng.SuiteRunner.runSequentially(SuiteRunner.java:413)
at org.testng.SuiteRunner.privateRun(SuiteRunner.java:373)
at org.testng.SuiteRunner.run(SuiteRunner.java:312)
at org.testng.SuiteRunnerWorker.runSuite(SuiteRunnerWorker.java:52)
at org.testng.SuiteRunnerWorker.run(SuiteRunnerWorker.java:95)
at org.testng.TestNG.runSuitesSequentially(TestNG.java:1274)
at org.testng.TestNG.runSuitesLocally(TestNG.java:1208)
at org.testng.TestNG.runSuites(TestNG.java:1112)
at org.testng.TestNG.run(TestNG.java:1079)
at org.testng.remote.AbstractRemoteTestNG.run(AbstractRemoteTestNG.java:115)
at org.testng.remote.RemoteTestNG.initAndRun(RemoteTestNG.java:293)
at org.testng.remote.RemoteTestNG.main(RemoteTestNG.java:91)
]]>
    </error>
  </testcase> <!-- setUp -->
  <testcase classname="TestClasses.GraphTest" name="GraphFromGetStarted" time="0.000">
    <skipped/>
  </testcase> <!-- GraphFromGetStarted -->
  <testcase classname="TestClasses.GraphTest" name="GraphFromGetStarted" time="1.670"/>
  <testcase classname="TestClasses.GraphTest" name="GraphFromGetStarted" time="1.564"/>
  <testcase classname="TestClasses.GraphTest" name="GraphfromDropdown" time="1.112"/>
  <testcase classname="TestClasses.GraphTest" name="GraphfromDropdown" time="0.000">
    <skipped/>
  </testcase> <!-- GraphfromDropdown -->
  <testcase classname="TestClasses.GraphTest" name="GraphfromDropdown" time="0.552"/>
  <testcase classname="TestClasses.GraphTest" name="checkingGraphLink" time="0.000">
    <skipped/>
  </testcase> <!-- checkingGraphLink -->
  <testcase classname="TestClasses.GraphTest" name="checkingGraphLink" time="0.425"/>
  <testcase classname="TestClasses.GraphTest" name="checkingGraphLink" time="0.406"/>
  <testcase classname="TestClasses.GraphTest" name="checkingPracticeQnPage" time="0.000">
    <skipped/>
  </testcase> <!-- checkingPracticeQnPage -->
  <testcase classname="TestClasses.GraphTest" name="checkingPracticeQnPage" time="0.974"/>
  <testcase classname="TestClasses.GraphTest" name="checkingPracticeQnPage" time="0.939"/>
  <testcase classname="TestClasses.GraphTest" name="checkingGraphRepresentationLink" time="0.000">
    <skipped/>
  </testcase> <!-- checkingGraphRepresentationLink -->
  <testcase classname="TestClasses.GraphTest" name="checkingGraphRepresentationLink" time="2.615"/>
  <testcase classname="TestClasses.GraphTest" name="checkingGraphRepresentationLink" time="1.679"/>
  <testcase classname="TestClasses.GraphTest" name="testInvalidPythonCode" time="0.000">
    <skipped/>
  </testcase> <!-- testInvalidPythonCode -->
  <testcase classname="TestClasses.GraphTest" name="testInvalidPythonCode" time="1.134"/>
  <testcase classname="TestClasses.GraphTest" name="testInvalidPythonCode" time="1.604"/>
  <testcase classname="TestClasses.GraphTest" name="testvalidPythonCode" time="1.422"/>
  <testcase classname="TestClasses.GraphTest" name="testvalidPythonCode" time="0.000">
    <skipped/>
  </testcase> <!-- testvalidPythonCode -->
  <testcase classname="TestClasses.GraphTest" name="testvalidPythonCode" time="1.603"/>
=======
<testsuite hostname="Ashok" failures="0" tests="31" name="TestClasses.GraphTest" time="52.031" errors="0" timestamp="2025-04-08T01:19:56 PDT" skipped="1">
  <testcase classname="TestClasses.GraphTest" name="graphFromGetStarted" time="2.403"/>
  <testcase classname="TestClasses.GraphTest" name="graphFromGetStarted" time="1.560"/>
  <testcase classname="TestClasses.GraphTest" name="graphFromGetStarted" time="1.848"/>
  <testcase classname="TestClasses.GraphTest" name="graphFromDropdown" time="0.692"/>
  <testcase classname="TestClasses.GraphTest" name="graphFromDropdown" time="0.544"/>
  <testcase classname="TestClasses.GraphTest" name="graphFromDropdown" time="0.949"/>
  <testcase classname="TestClasses.GraphTest" name="checkingGraphLink" time="0.444"/>
  <testcase classname="TestClasses.GraphTest" name="checkingGraphLink" time="0.432"/>
  <testcase classname="TestClasses.GraphTest" name="checkingGraphLink" time="0.396"/>
  <testcase classname="TestClasses.GraphTest" name="checkingPracticeQuestionsPage" time="1.224"/>
  <testcase classname="TestClasses.GraphTest" name="checkingPracticeQuestionsPage" time="1.035"/>
  <testcase classname="TestClasses.GraphTest" name="checkingPracticeQuestionsPage" time="0.974"/>
  <testcase classname="TestClasses.GraphTest" name="checkingGraphLinkWithEmptyRun" time="3.348"/>
  <testcase classname="TestClasses.GraphTest" name="checkingGraphLinkWithEmptyRun" time="2.409"/>
  <testcase classname="TestClasses.GraphTest" name="checkingGraphLinkWithEmptyRun" time="2.172"/>
  <testcase classname="TestClasses.GraphTest" name="testInvalidPythonCodeforGraphlink" time="1.248"/>
  <testcase classname="TestClasses.GraphTest" name="testInvalidPythonCodeforGraphlink" time="1.197"/>
  <testcase classname="TestClasses.GraphTest" name="testInvalidPythonCodeforGraphlink" time="1.506"/>
  <testcase classname="TestClasses.GraphTest" name="testValidPythonCodeforGraphLink" time="1.623"/>
  <testcase classname="TestClasses.GraphTest" name="testValidPythonCodeforGraphLink" time="1.124"/>
  <testcase classname="TestClasses.GraphTest" name="testValidPythonCodeforGraphLink" time="1.244"/>
  <testcase classname="TestClasses.GraphTest" name="checkingGraphRepresentationLinkWithEmptyRun" time="1.540"/>
  <testcase classname="TestClasses.GraphTest" name="checkingGraphRepresentationLinkWithEmptyRun" time="1.140"/>
  <testcase classname="TestClasses.GraphTest" name="checkingGraphRepresentationLinkWithEmptyRun" time="1.215"/>
  <testcase classname="TestClasses.GraphTest" name="testInvalidPythonCodeforGraphRepresentationLink" time="1.224"/>
  <testcase classname="TestClasses.GraphTest" name="testInvalidPythonCodeforGraphRepresentationLink" time="1.564"/>
  <testcase classname="TestClasses.GraphTest" name="testInvalidPythonCodeforGraphRepresentationLink" time="10.682">
    <skipped/>
  </testcase> <!-- testInvalidPythonCodeforGraphRepresentationLink -->
  <testcase classname="TestClasses.GraphTest" name="testInvalidPythonCodeforGraphRepresentationLink" time="1.826"/>
  <testcase classname="TestClasses.GraphTest" name="testValidPythonCodeGraphRepresentationLink" time="1.169"/>
  <testcase classname="TestClasses.GraphTest" name="testValidPythonCodeGraphRepresentationLink" time="1.710"/>
  <testcase classname="TestClasses.GraphTest" name="testValidPythonCodeGraphRepresentationLink" time="1.589"/>
>>>>>>> branch 'master' of https://github.com/meenaa1/DsAlgo_TestNG_ININ.git
</testsuite> <!-- TestClasses.GraphTest -->
